[debug] [2020-02-14T16:53:20.115Z] ----------------------------------------------------------------------
[debug] [2020-02-14T16:53:20.118Z] Command:       C:\Program Files\nodejs\node.exe C:\Users\mansa\AppData\Roaming\npm\node_modules\firebase-tools\lib\bin\firebase.js serve
[debug] [2020-02-14T16:53:20.118Z] CLI Version:   7.8.1
[debug] [2020-02-14T16:53:20.118Z] Platform:      win32
[debug] [2020-02-14T16:53:20.118Z] Node Version:  v12.13.0
[debug] [2020-02-14T16:53:20.120Z] Time:          Fri Feb 14 2020 22:23:20 GMT+0530 (India Standard Time)
[debug] [2020-02-14T16:53:20.120Z] ----------------------------------------------------------------------
[debug] [2020-02-14T16:53:20.120Z] 
[debug] [2020-02-14T16:53:20.129Z] > command requires scopes: ["email","openid","https://www.googleapis.com/auth/cloudplatformprojects.readonly","https://www.googleapis.com/auth/firebase","https://www.googleapis.com/auth/cloud-platform"]
[debug] [2020-02-14T16:53:20.129Z] > authorizing via signed-in user
[debug] [2020-02-14T16:53:20.129Z] [iam] checking project usama-ansari-portfolio for permissions ["firebase.projects.get"]
[debug] [2020-02-14T16:53:20.131Z] >>> HTTP REQUEST POST https://cloudresourcemanager.googleapis.com/v1/projects/usama-ansari-portfolio:testIamPermissions  

[debug] [2020-02-14T16:53:22.168Z] <<< HTTP RESPONSE 200
[debug] [2020-02-14T16:53:22.171Z] >>> HTTP REQUEST GET https://firebase.googleapis.com/v1beta1/projects/usama-ansari-portfolio  
 
[debug] [2020-02-14T16:53:22.603Z] <<< HTTP RESPONSE 200
[info] 
[info] === Serving from 'F:\Usama\Development\Angular\usama-ansari-portfolio'...
[info] 
[debug] [2020-02-14T16:53:22.605Z] >>> HTTP REQUEST GET https://firebase.googleapis.com/v1beta1/projects/usama-ansari-portfolio/webApps/-/config  
 
[debug] [2020-02-14T16:53:23.412Z] <<< HTTP RESPONSE 200
[info] i  hosting: Serving hosting files from: dist
[info] +  hosting: Local server: http://localhost:5000
